<?xml version="1.0" encoding="utf-8"?><testsuites><testsuite errors="0" failures="0" hostname="LAPTOP-4NDMI2P1" name="pytest" skipped="0" tests="25" time="61.704" timestamp="2021-03-03T15:07:31.442656"><testcase classname="automated_tests.test_artist" name="test_compute_mean_color" time="0.034" /><testcase classname="automated_tests.test_artist" name="test_compute_median_color" time="0.005" /><testcase classname="automated_tests.test_artist" name="test_compute_mode_color" time="0.017" /><testcase classname="automated_tests.test_artist" name="test_compute_dominant_color" time="0.558" /><testcase classname="automated_tests.test_artist" name="test_compute_brightest_color_and_brightness" time="0.007" /><testcase classname="automated_tests.test_artist" name="test_find_bright_spots" time="0.426" /><testcase classname="automated_tests.test_artist" name="test_random_sample_pixels" time="0.038" /><testcase classname="automated_tests.test_artist" name="test_watershed_segmentation" time="0.286" /><testcase classname="automated_tests.test_artist" name="test_color_of_regions" time="0.316" /><testcase classname="automated_tests.test_artist" name="test_contrast_between_regions" time="0.340" /><testcase classname="automated_tests.test_artist" name="test_contrast_ratio" time="0.001" /><testcase classname="automated_tests.test_artist" name="test_grabcut_foreback_segmentation" time="2.505" /><testcase classname="automated_tests.test_artist" name="test_get_contrast_matrix_and_labeled_image" time="0.338" /><testcase classname="automated_tests.test_artist" name="test_get_letter_box_from_frames" time="0.013" /><testcase classname="automated_tests.test_artist" name="test_find_letter_box_from_videos" time="2.605" /><testcase classname="automated_tests.test_measure_utils" name="test_nrmse_similarity" time="0.076" /><testcase classname="automated_tests.test_measure_utils" name="test_ssim_similarity" time="0.426" /><testcase classname="automated_tests.test_measure_utils" name="test_get_resample_index" time="0.001" /><testcase classname="automated_tests.test_measure_utils" name="test_cross_correlation" time="0.098" /><testcase classname="automated_tests.test_measure_utils" name="test_local_cross_correlation" time="0.164" /><testcase classname="automated_tests.test_measure_utils" name="test_generate_hue_strings_from_color_barcode" time="0.789" /><testcase classname="automated_tests.test_measure_utils" name="test_generate_brightness_string_from_brightness_barcode" time="0.726" /><testcase classname="automated_tests.test_measure_utils" name="test_compare_smith_waterman" time="25.313" /><testcase classname="automated_tests.test_measure_utils" name="test_compare_needleman_wunsch" time="24.900" /><testcase classname="automated_tests.test_visualizaton_utils" name="test_extract_region_with_index" time="0.012" /></testsuite></testsuites>